Command line:
"travis"


   ________                                 __
  /        |                               /  |
  ########/ ______    ______    __     __  ##/    _______
     ## |  /      \  /      \  /  \   /  | /  |  /       |
     ## | /######  | ######  | ##  \ /##/  ## | /#######/
     ## | ## |  ##/  /    ## |  ##  /##/   ## | ##      \
     ## | ## |      /####### |   ## ##/    ## |  ######  |
     ## | ## |      ##    ## |    ###/     ## | /     ##/
     ##/  ##/        #######/      #/      ##/  #######/

     TRajectory Analyzer and VISualizer  -  Open-source freeware under GNU GPL v3

     Copyright (c) Martin Brehm      (2009-2016)
                   Martin Thomas     (2012-2016)
                   Barbara Kirchner  (2009-2016)
                   University of Leipzig / University of Bonn.

     http://www.travis-analyzer.de

     Please cite:
     M. Brehm and B. Kirchner, J. Chem. Inf. Model. 2011, 51 (8), pp 2007-2023.

     There is absolutely no warranty on any results obtained from TRAVIS.

  #  Running on Dev-VM-64 at Thu Jun  1 21:26:58 2017 (PID 5139).
  #  Running in /home/daine_m27/code/Blog2
  #  Source code version: Oct 13 2016.
  #  Release version: 1.14.0.
  #  Compiled at Oct 24 2016 21:14:01.
  #  Compiler version: 6.2.0 20161027
  #  Target platform: Linux
  #  Compile flags: DEBUG_ARRAYS 
  #  Machine: int=4b, long=8b, addr=8b, 0xA0B0C0D0=D0,C0,B0,A0.
  #  User home: /home/daine_m27
  #  Exe path: /usr/bin/travis
  #  Input from terminal, Output to terminal

 >>> Please use a color scheme with dark background or specify "-nocolor"! <<<

    Loading configuration from /home/daine_m27/.travis.conf ...

    No trajectory file specified.
    Please use the -p flag to specify an input trajectory in the command line.

    Enter the file name of the trajectory file to open: [Quit] 

*** SIGINT caught: Hard interrupt by user ***
Stopping execution.
Decoding line numbers... ("addr2line <addr> -f -i -C -e /usr/bin/travis")
 # 13 - [0x55efe24f01e1] - ?? - ??:0 
 # 12 - [0x55efe24f0729] - ?? - ??:0 
 # 11 - [0x55efe24f07f4] - ?? - ??:0 
 # 10 - [0x7fb541cd57f0] - ?? - ??:0 
 #  9 - [0x7fb541d97c8e] - ?? - ??:0 
 #  8 - [0x7fb541d1c650] - ?? - ??:0 
 #  7 - [0x7fb541d1d8d2] - ?? - ??:0 
 #  6 - [0x7fb541d0feda] - ?? - ??:0 
 #  5 - [0x7fb541d0ed8b] - ?? - ??:0 
 #  4 - [0x55efe24ecabc] - ?? - ??:0 
 #  3 - [0x55efe245187d] - ?? - ??:0 
 #  2 - [0x7fb541cc03f1] - ?? - ??:0 
 #  1 - [0x55efe2480aaa] - ?? - ??:0 
Delivering control to operating system.
